[2022-05-09T22:23:19.414] [DEBUG] cheese - login => username:admin,password:123456
[2022-05-09T22:23:19.417] [DEBUG] cheese - admin
[2022-05-09T22:23:19.441] [DEBUG] cheese - null
[2022-05-09T22:23:19.442] [DEBUG] cheese - null
[2022-05-10T14:35:21.332] [DEBUG] cheese - login => username:rendong,password:m8023
[2022-05-10T14:35:21.336] [DEBUG] cheese - rendong
[2022-05-10T14:35:21.374] [DEBUG] cheese - null
[2022-05-10T14:35:21.375] [DEBUG] cheese - null
[2022-05-10T14:36:04.845] [DEBUG] cheese - login => username:rendong,password:m8023
[2022-05-10T14:36:04.845] [DEBUG] cheese - rendong
[2022-05-10T14:36:04.853] [DEBUG] cheese - null
[2022-05-10T14:36:04.853] [DEBUG] cheese - null
[2022-05-10T14:36:24.213] [DEBUG] cheese - login => username:rendong,password:m8023
[2022-05-10T14:36:24.213] [DEBUG] cheese - rendong
[2022-05-10T14:36:24.216] [DEBUG] cheese - null
[2022-05-10T14:36:24.216] [DEBUG] cheese - null
[2022-05-10T14:36:30.792] [DEBUG] cheese - login => username:rendong,password:m8023
[2022-05-10T14:36:30.792] [DEBUG] cheese - rendong
[2022-05-10T14:36:30.795] [DEBUG] cheese - null
[2022-05-10T14:36:30.795] [DEBUG] cheese - null
[2022-05-10T14:37:22.287] [DEBUG] cheese - login => username:admin,password:123456
[2022-05-10T14:37:22.287] [DEBUG] cheese - admin
[2022-05-10T14:37:22.293] [DEBUG] cheese - null
[2022-05-10T14:37:22.294] [DEBUG] cheese - null
[2022-05-10T14:39:18.158] [DEBUG] cheese - login => username:rendong,password:m8023
[2022-05-10T14:39:18.158] [DEBUG] cheese - rendong
[2022-05-10T14:39:18.160] [DEBUG] cheese - null
[2022-05-10T14:39:18.160] [DEBUG] cheese - null
[2022-05-10T14:39:20.523] [DEBUG] cheese - login => username:rendong,password:m8023
[2022-05-10T14:39:20.523] [DEBUG] cheese - rendong
[2022-05-10T14:39:20.525] [DEBUG] cheese - null
[2022-05-10T14:39:20.526] [DEBUG] cheese - null
[2022-05-10T14:39:35.826] [DEBUG] cheese - login => username:admin,password:123456
[2022-05-10T14:39:35.826] [DEBUG] cheese - admin
[2022-05-10T14:39:35.829] [DEBUG] cheese - null
[2022-05-10T14:39:35.829] [DEBUG] cheese - null
[2022-05-10T14:42:07.344] [DEBUG] cheese - login => username:rendong,password:m8023
[2022-05-10T14:42:07.344] [DEBUG] cheese - rendong
[2022-05-10T14:42:07.346] [DEBUG] cheese - null
[2022-05-10T14:42:07.347] [DEBUG] cheese - null
[2022-05-10T14:42:08.002] [DEBUG] cheese - login => username:rendong,password:m8023
[2022-05-10T14:42:08.002] [DEBUG] cheese - rendong
[2022-05-10T14:42:08.005] [DEBUG] cheese - null
[2022-05-10T14:42:08.005] [DEBUG] cheese - null
[2022-05-10T14:42:08.441] [DEBUG] cheese - login => username:rendong,password:m8023
[2022-05-10T14:42:08.442] [DEBUG] cheese - rendong
[2022-05-10T14:42:08.444] [DEBUG] cheese - null
[2022-05-10T14:42:08.445] [DEBUG] cheese - null
[2022-05-10T14:42:08.699] [DEBUG] cheese - login => username:rendong,password:m8023
[2022-05-10T14:42:08.700] [DEBUG] cheese - rendong
[2022-05-10T14:42:08.701] [DEBUG] cheese - null
[2022-05-10T14:42:08.701] [DEBUG] cheese - null
[2022-05-10T14:42:09.036] [DEBUG] cheese - login => username:rendong,password:m8023
[2022-05-10T14:42:09.036] [DEBUG] cheese - rendong
[2022-05-10T14:42:09.040] [DEBUG] cheese - null
[2022-05-10T14:42:09.040] [DEBUG] cheese - null
[2022-05-10T14:42:15.290] [DEBUG] cheese - login => username:rendong,password:m8023
[2022-05-10T14:42:15.290] [DEBUG] cheese - rendong
[2022-05-10T14:42:15.292] [DEBUG] cheese - null
[2022-05-10T14:42:15.292] [DEBUG] cheese - null
[2022-05-10T14:42:21.083] [DEBUG] cheese - login => username:admin,password:123456
[2022-05-10T14:42:21.084] [DEBUG] cheese - admin
[2022-05-10T14:42:21.087] [DEBUG] cheese - null
[2022-05-10T14:42:21.087] [DEBUG] cheese - null
[2022-05-10T14:44:58.565] [DEBUG] cheese - login => username:rendong,password:m8023
[2022-05-10T14:44:58.565] [DEBUG] cheese - rendong
[2022-05-10T14:44:58.567] [DEBUG] cheese - null
[2022-05-10T14:44:58.567] [DEBUG] cheese - null
[2022-05-10T14:44:59.024] [DEBUG] cheese - login => username:rendong,password:m8023
[2022-05-10T14:44:59.024] [DEBUG] cheese - rendong
[2022-05-10T14:44:59.027] [DEBUG] cheese - null
[2022-05-10T14:44:59.027] [DEBUG] cheese - null
[2022-05-10T14:44:59.192] [DEBUG] cheese - login => username:rendong,password:m8023
[2022-05-10T14:44:59.192] [DEBUG] cheese - rendong
[2022-05-10T14:44:59.193] [DEBUG] cheese - null
[2022-05-10T14:44:59.193] [DEBUG] cheese - null
[2022-05-10T14:44:59.357] [DEBUG] cheese - login => username:rendong,password:m8023
[2022-05-10T14:44:59.357] [DEBUG] cheese - rendong
[2022-05-10T14:44:59.360] [DEBUG] cheese - null
[2022-05-10T14:44:59.361] [DEBUG] cheese - null
[2022-05-10T14:45:07.904] [DEBUG] cheese - login => username:admin,password:123456
[2022-05-10T14:45:07.904] [DEBUG] cheese - admin
[2022-05-10T14:45:07.907] [DEBUG] cheese - null
[2022-05-10T14:45:07.908] [DEBUG] cheese - null
[2022-05-10T14:45:09.149] [DEBUG] cheese - login => username:admin,password:123456
[2022-05-10T14:45:09.149] [DEBUG] cheese - admin
[2022-05-10T14:45:09.152] [DEBUG] cheese - null
[2022-05-10T14:45:09.152] [DEBUG] cheese - null
[2022-05-10T14:45:09.666] [DEBUG] cheese - login => username:admin,password:123456
[2022-05-10T14:45:09.666] [DEBUG] cheese - admin
[2022-05-10T14:45:09.668] [DEBUG] cheese - null
[2022-05-10T14:45:09.668] [DEBUG] cheese - null
[2022-05-10T14:45:27.054] [DEBUG] cheese - login => username:admin,password:123456
[2022-05-10T14:45:27.055] [DEBUG] cheese - admin
[2022-05-10T14:45:27.057] [DEBUG] cheese - null
[2022-05-10T14:45:27.057] [DEBUG] cheese - null
[2022-05-10T14:45:42.137] [DEBUG] cheese - login => username:admin,password:123456
[2022-05-10T14:45:42.137] [DEBUG] cheese - admin
[2022-05-10T14:45:42.140] [DEBUG] cheese - null
[2022-05-10T14:45:42.140] [DEBUG] cheese - null
[2022-05-10T14:46:11.414] [DEBUG] cheese - login => username:admin,password:123456
[2022-05-10T14:46:11.415] [DEBUG] cheese - admin
[2022-05-10T14:46:11.417] [DEBUG] cheese - null
[2022-05-10T14:46:11.417] [DEBUG] cheese - null
[2022-05-10T14:52:54.522] [DEBUG] cheese - login => username:admin,password:123456
[2022-05-10T14:52:54.522] [DEBUG] cheese - admin
[2022-05-10T14:52:54.524] [DEBUG] cheese - null
[2022-05-10T14:52:54.524] [DEBUG] cheese - null
[2022-05-10T14:53:39.680] [DEBUG] cheese - login => username:admin,password:123456
[2022-05-10T14:53:39.681] [DEBUG] cheese - admin
[2022-05-10T14:53:39.683] [DEBUG] cheese - null
[2022-05-10T14:53:39.683] [DEBUG] cheese - null
[2022-05-10T14:53:51.782] [DEBUG] cheese - login => username:admin,password:123456
[2022-05-10T14:53:51.782] [DEBUG] cheese - admin
[2022-05-10T14:53:51.785] [DEBUG] cheese - null
[2022-05-10T14:53:51.785] [DEBUG] cheese - null
[2022-05-10T14:54:12.298] [DEBUG] cheese - login => username:admin,password:123456
[2022-05-10T14:54:12.298] [DEBUG] cheese - admin
[2022-05-10T14:54:12.300] [DEBUG] cheese - null
[2022-05-10T14:54:12.300] [DEBUG] cheese - null
[2022-05-10T14:56:53.901] [DEBUG] cheese - login => username:admin,password:123456
[2022-05-10T14:56:53.901] [DEBUG] cheese - admin
[2022-05-10T14:56:53.903] [DEBUG] cheese - null
[2022-05-10T14:56:53.903] [DEBUG] cheese - null
[2022-05-10T15:07:20.285] [DEBUG] cheese - login => username:admin,password:123456
[2022-05-10T15:07:20.285] [DEBUG] cheese - admin
[2022-05-10T15:07:20.290] [DEBUG] cheese - null
[2022-05-10T15:07:20.290] [DEBUG] cheese - null
[2022-05-10T15:09:54.838] [DEBUG] cheese - login => username:admin,password:123456
[2022-05-10T15:09:54.838] [DEBUG] cheese - admin
[2022-05-10T15:09:54.841] [DEBUG] cheese - null
[2022-05-10T15:09:54.841] [DEBUG] cheese - null
[2022-05-10T15:10:02.969] [DEBUG] cheese - login => username:admin,password:123456
[2022-05-10T15:10:02.969] [DEBUG] cheese - admin
[2022-05-10T15:10:02.973] [DEBUG] cheese - null
[2022-05-10T15:10:02.973] [DEBUG] cheese - null
[2022-05-10T15:10:32.618] [DEBUG] cheese - login => username:admin,password:123456
[2022-05-10T15:10:32.619] [DEBUG] cheese - admin
[2022-05-10T15:10:32.621] [DEBUG] cheese - null
[2022-05-10T15:10:32.622] [DEBUG] cheese - null
[2022-05-10T15:12:42.037] [DEBUG] cheese - login => username:admin,password:123456
[2022-05-10T15:12:42.037] [DEBUG] cheese - admin
[2022-05-10T15:12:42.041] [DEBUG] cheese - null
[2022-05-10T15:12:42.041] [DEBUG] cheese - null
[2022-05-10T15:12:44.413] [DEBUG] cheese - login => username:admin,password:123456
[2022-05-10T15:12:44.413] [DEBUG] cheese - admin
[2022-05-10T15:12:44.415] [DEBUG] cheese - null
[2022-05-10T15:12:44.415] [DEBUG] cheese - null
[2022-05-10T15:13:25.582] [DEBUG] cheese - login => username:admin,password:123456
[2022-05-10T15:13:25.582] [DEBUG] cheese - admin
[2022-05-10T15:13:25.586] [DEBUG] cheese - null
[2022-05-10T15:13:25.586] [DEBUG] cheese - null
[2022-05-10T15:13:28.168] [DEBUG] cheese - login => username:admin,password:123456
[2022-05-10T15:13:28.168] [DEBUG] cheese - admin
[2022-05-10T15:13:28.171] [DEBUG] cheese - null
[2022-05-10T15:13:28.171] [DEBUG] cheese - null
[2022-05-10T15:18:39.630] [DEBUG] cheese - login => username:admin,password:123456
[2022-05-10T15:18:39.630] [DEBUG] cheese - admin
[2022-05-10T15:18:39.635] [DEBUG] cheese - null
[2022-05-10T15:18:39.635] [DEBUG] cheese - null
[2022-05-10T15:22:29.102] [DEBUG] cheese - login => username:admin,password:123456
[2022-05-10T15:22:29.102] [DEBUG] cheese - admin
[2022-05-10T15:22:29.104] [DEBUG] cheese - null
[2022-05-10T15:22:29.105] [DEBUG] cheese - null
[2022-05-10T15:35:41.469] [DEBUG] cheese - login => username:admin,password:123456
[2022-05-10T15:35:41.470] [DEBUG] cheese - admin
[2022-05-10T15:35:41.475] [DEBUG] cheese - null
[2022-05-10T15:35:41.475] [DEBUG] cheese - null
[2022-05-10T15:41:08.393] [DEBUG] cheese - login => username:admin,password:123456
[2022-05-10T15:41:08.393] [DEBUG] cheese - admin
[2022-05-10T15:41:08.395] [DEBUG] cheese - null
[2022-05-10T15:41:08.396] [DEBUG] cheese - null
[2022-05-10T15:42:16.015] [DEBUG] cheese - login => username:admin,password:123456
[2022-05-10T15:42:16.015] [DEBUG] cheese - admin
[2022-05-10T15:42:16.018] [DEBUG] cheese - null
[2022-05-10T15:42:16.018] [DEBUG] cheese - null
[2022-05-10T15:52:18.323] [DEBUG] cheese - login => username:admin,password:123456
[2022-05-10T15:52:18.323] [DEBUG] cheese - admin
[2022-05-10T15:52:18.325] [DEBUG] cheese - null
[2022-05-10T15:52:18.326] [DEBUG] cheese - null
[2022-05-10T15:52:22.306] [DEBUG] cheese - login => username:admin,password:123456
[2022-05-10T15:52:22.306] [DEBUG] cheese - admin
[2022-05-10T15:52:22.309] [DEBUG] cheese - null
[2022-05-10T15:52:22.311] [DEBUG] cheese - null
[2022-05-10T15:59:41.660] [DEBUG] cheese - login => username:admin,password:123456
[2022-05-10T15:59:41.660] [DEBUG] cheese - admin
[2022-05-10T15:59:41.662] [DEBUG] cheese - null
[2022-05-10T15:59:41.662] [DEBUG] cheese - null
[2022-05-10T15:59:52.983] [DEBUG] cheese - login => username:admin,password:123456
[2022-05-10T15:59:52.983] [DEBUG] cheese - admin
[2022-05-10T15:59:52.987] [DEBUG] cheese - null
[2022-05-10T15:59:52.987] [DEBUG] cheese - null
[2022-05-10T16:08:39.543] [DEBUG] cheese - login => username:admin,password:123456
[2022-05-10T16:08:39.543] [DEBUG] cheese - admin
[2022-05-10T16:08:39.546] [DEBUG] cheese - null
[2022-05-10T16:08:39.546] [DEBUG] cheese - null
[2022-05-10T16:10:02.289] [DEBUG] cheese - login => username:admin,password:123456
[2022-05-10T16:10:02.289] [DEBUG] cheese - admin
[2022-05-10T16:10:02.295] [DEBUG] cheese - null
[2022-05-10T16:10:02.296] [DEBUG] cheese - null
[2022-05-10T16:12:48.450] [DEBUG] cheese - login => username:admin,password:123456
[2022-05-10T16:12:48.450] [DEBUG] cheese - admin
[2022-05-10T16:12:48.454] [DEBUG] cheese - null
[2022-05-10T16:12:48.454] [DEBUG] cheese - null
[2022-05-10T16:13:22.523] [DEBUG] cheese - login => username:admin,password:123456
[2022-05-10T16:13:22.523] [DEBUG] cheese - admin
[2022-05-10T16:13:22.527] [DEBUG] cheese - null
[2022-05-10T16:13:22.527] [DEBUG] cheese - null
[2022-05-10T16:14:23.667] [DEBUG] cheese - login => username:admin,password:123456
[2022-05-10T16:14:23.667] [DEBUG] cheese - admin
[2022-05-10T16:14:23.670] [DEBUG] cheese - null
[2022-05-10T16:14:23.671] [DEBUG] cheese - null
[2022-05-10T16:28:29.896] [DEBUG] cheese - login => username:admin,password:123456
[2022-05-10T16:28:29.896] [DEBUG] cheese - admin
[2022-05-10T16:28:29.902] [DEBUG] cheese - null
[2022-05-10T16:28:29.902] [DEBUG] cheese - null
[2022-05-10T16:28:44.369] [DEBUG] cheese - login => username:admin,password:123456
[2022-05-10T16:28:44.369] [DEBUG] cheese - admin
[2022-05-10T16:28:44.372] [DEBUG] cheese - null
[2022-05-10T16:28:44.373] [DEBUG] cheese - null
[2022-05-10T16:58:49.922] [DEBUG] cheese - login => username:admin,password:123456
[2022-05-10T16:58:49.922] [DEBUG] cheese - admin
[2022-05-10T16:58:49.925] [DEBUG] cheese - null
[2022-05-10T16:58:49.925] [DEBUG] cheese - null
[2022-05-10T19:21:28.155] [DEBUG] cheese - login => username:admin,password:123456
[2022-05-10T19:21:28.155] [DEBUG] cheese - admin
[2022-05-10T19:21:28.189] [DEBUG] cheese - null
[2022-05-10T19:21:28.189] [DEBUG] cheese - null
[2022-05-10T19:21:45.043] [DEBUG] cheese - login => username:admin,password:123456
[2022-05-10T19:21:45.043] [DEBUG] cheese - admin
[2022-05-10T19:21:45.045] [DEBUG] cheese - null
[2022-05-10T19:21:45.045] [DEBUG] cheese - null
[2022-05-10T22:08:12.683] [DEBUG] cheese - login => username:admin,password:123456
[2022-05-10T22:08:12.684] [DEBUG] cheese - admin
[2022-05-10T22:08:12.693] [DEBUG] cheese - null
[2022-05-10T22:08:12.693] [DEBUG] cheese - null
[2022-05-10T22:37:08.347] [DEBUG] cheese - login => username:admin,password:123456
[2022-05-10T22:37:08.347] [DEBUG] cheese - admin
[2022-05-10T22:37:08.350] [DEBUG] cheese - null
[2022-05-10T22:37:08.350] [DEBUG] cheese - null
[2022-05-10T22:40:50.309] [DEBUG] cheese - login => username:admin,password:123456
[2022-05-10T22:40:50.309] [DEBUG] cheese - admin
[2022-05-10T22:40:50.311] [DEBUG] cheese - null
[2022-05-10T22:40:50.312] [DEBUG] cheese - null
[2022-05-10T22:43:52.614] [DEBUG] cheese - login => username:admin,password:123456
[2022-05-10T22:43:52.614] [DEBUG] cheese - admin
[2022-05-10T22:43:52.618] [DEBUG] cheese - null
[2022-05-10T22:43:52.618] [DEBUG] cheese - null
[2022-05-11T08:16:59.031] [DEBUG] cheese - login => username:admin,password:123456
[2022-05-11T08:16:59.032] [DEBUG] cheese - admin
[2022-05-11T08:16:59.049] [DEBUG] cheese - null
[2022-05-11T08:16:59.049] [DEBUG] cheese - null
[2022-05-11T08:17:20.335] [DEBUG] cheese - login => username:admin,password:123456
[2022-05-11T08:17:20.336] [DEBUG] cheese - admin
[2022-05-11T08:17:20.339] [DEBUG] cheese - null
[2022-05-11T08:17:20.340] [DEBUG] cheese - null
[2022-05-11T08:31:17.233] [DEBUG] cheese - login => username:admin,password:123456
[2022-05-11T08:31:17.235] [DEBUG] cheese - admin
[2022-05-11T08:31:17.242] [DEBUG] cheese - null
[2022-05-11T08:31:17.243] [DEBUG] cheese - null
[2022-05-11T09:26:06.733] [DEBUG] cheese - login => username:admin,password:123456
[2022-05-11T09:26:06.734] [DEBUG] cheese - admin
[2022-05-11T09:26:06.737] [DEBUG] cheese - null
[2022-05-11T09:26:06.737] [DEBUG] cheese - null
[2022-05-11T09:34:58.355] [DEBUG] cheese - login => username:admin,password:123456
[2022-05-11T09:34:58.355] [DEBUG] cheese - admin
[2022-05-11T09:34:58.360] [DEBUG] cheese - null
[2022-05-11T09:34:58.360] [DEBUG] cheese - null
[2022-05-11T09:35:11.032] [DEBUG] cheese - login => username:admin,password:123456
[2022-05-11T09:35:11.032] [DEBUG] cheese - admin
[2022-05-11T09:35:11.034] [DEBUG] cheese - null
[2022-05-11T09:35:11.034] [DEBUG] cheese - null
[2022-05-11T09:35:16.103] [DEBUG] cheese - login => username:admin,password:123456
[2022-05-11T09:35:16.103] [DEBUG] cheese - admin
[2022-05-11T09:35:16.105] [DEBUG] cheese - null
[2022-05-11T09:35:16.105] [DEBUG] cheese - null
[2022-05-11T09:37:12.644] [DEBUG] cheese - login => username:admin,password:123456
[2022-05-11T09:37:12.644] [DEBUG] cheese - admin
[2022-05-11T09:37:12.646] [DEBUG] cheese - null
[2022-05-11T09:37:12.646] [DEBUG] cheese - null
[2022-05-11T09:37:16.163] [DEBUG] cheese - login => username:admin,password:123456
[2022-05-11T09:37:16.163] [DEBUG] cheese - admin
[2022-05-11T09:37:16.165] [DEBUG] cheese - null
[2022-05-11T09:37:16.165] [DEBUG] cheese - null
[2022-05-11T11:29:08.676] [DEBUG] cheese - login => username:admin,password:123456
[2022-05-11T11:29:08.678] [DEBUG] cheese - admin
[2022-05-11T11:29:08.686] [DEBUG] cheese - null
[2022-05-11T11:29:08.689] [DEBUG] cheese - null
[2022-05-11T11:29:13.739] [DEBUG] cheese - login => username:admin,password:123456
[2022-05-11T11:29:13.739] [DEBUG] cheese - admin
[2022-05-11T11:29:13.741] [DEBUG] cheese - null
[2022-05-11T11:29:13.742] [DEBUG] cheese - null
[2022-05-11T11:29:20.041] [DEBUG] cheese - login => username:admin,password:123456
[2022-05-11T11:29:20.041] [DEBUG] cheese - admin
[2022-05-11T11:29:20.043] [DEBUG] cheese - null
[2022-05-11T11:29:20.044] [DEBUG] cheese - null
[2022-05-11T11:29:24.230] [DEBUG] cheese - login => username:admin,password:123456
[2022-05-11T11:29:24.231] [DEBUG] cheese - admin
[2022-05-11T11:29:24.233] [DEBUG] cheese - null
[2022-05-11T11:29:24.233] [DEBUG] cheese - null
[2022-05-11T11:33:58.710] [DEBUG] cheese - login => username:admin,password:123456
[2022-05-11T11:33:58.710] [DEBUG] cheese - admin
[2022-05-11T11:33:58.713] [DEBUG] cheese - null
[2022-05-11T11:33:58.714] [DEBUG] cheese - null
[2022-05-11T14:21:41.454] [DEBUG] cheese - login => username:admin,password:123456
[2022-05-11T14:21:41.456] [DEBUG] cheese - admin
[2022-05-11T14:21:41.465] [DEBUG] cheese - null
[2022-05-11T14:21:41.465] [DEBUG] cheese - null
[2022-05-11T15:24:09.897] [DEBUG] cheese - login => username:admin,password:123456
[2022-05-11T15:24:09.899] [DEBUG] cheese - admin
[2022-05-11T15:24:09.911] [DEBUG] cheese - null
[2022-05-11T15:24:09.912] [DEBUG] cheese - null
[2022-05-11T15:33:06.702] [DEBUG] cheese - login => username:admin,password:123456
[2022-05-11T15:33:06.702] [DEBUG] cheese - admin
[2022-05-11T15:33:06.704] [DEBUG] cheese - null
[2022-05-11T15:33:06.704] [DEBUG] cheese - null
[2022-05-11T16:07:56.743] [DEBUG] cheese - login => username:admin,password:123456
[2022-05-11T16:07:56.744] [DEBUG] cheese - admin
[2022-05-11T16:07:56.753] [DEBUG] cheese - null
[2022-05-11T16:07:56.754] [DEBUG] cheese - null
[2022-05-11T17:24:36.887] [DEBUG] cheese - login => username:admin,password:123456
[2022-05-11T17:24:36.893] [DEBUG] cheese - admin
[2022-05-11T17:24:36.911] [DEBUG] cheese - null
[2022-05-11T17:24:36.918] [DEBUG] cheese - null
[2022-05-11T17:42:45.184] [DEBUG] cheese - login => username:admin,password:123456
[2022-05-11T17:42:45.184] [DEBUG] cheese - admin
[2022-05-11T17:42:45.187] [DEBUG] cheese - null
[2022-05-11T17:42:45.188] [DEBUG] cheese - null
[2022-05-11T21:01:42.585] [DEBUG] cheese - login => username:admin,password:123456
[2022-05-11T21:01:42.588] [DEBUG] cheese - admin
[2022-05-11T21:01:42.594] [DEBUG] cheese - null
[2022-05-11T21:01:42.594] [DEBUG] cheese - null
[2022-05-12T10:59:00.321] [DEBUG] cheese - login => username:admin,password:123456
[2022-05-12T10:59:00.322] [DEBUG] cheese - admin
[2022-05-12T10:59:00.348] [DEBUG] cheese - null
[2022-05-12T10:59:00.348] [DEBUG] cheese - null
[2022-05-12T21:58:03.882] [DEBUG] cheese - login => username:admin,password:123456
[2022-05-12T21:58:03.885] [DEBUG] cheese - admin
[2022-05-12T21:58:03.891] [DEBUG] cheese - null
[2022-05-12T21:58:03.891] [DEBUG] cheese - null
[2022-05-13T08:17:32.880] [DEBUG] cheese - login => username:admin,password:123456
[2022-05-13T08:17:32.882] [DEBUG] cheese - admin
[2022-05-13T08:17:32.895] [DEBUG] cheese - null
[2022-05-13T08:17:32.896] [DEBUG] cheese - null
[2022-05-13T08:47:48.811] [DEBUG] cheese - null
[2022-05-13T08:53:33.602] [DEBUG] cheese - null
[2022-05-13T08:53:54.884] [DEBUG] cheese - null
[2022-05-13T08:54:58.540] [DEBUG] cheese - null
[2022-05-13T08:55:01.005] [DEBUG] cheese - null
[2022-05-13T09:01:42.829] [DEBUG] cheese - null
[2022-05-13T10:07:27.065] [DEBUG] cheese - login => username:admin,password:123456
[2022-05-13T10:07:27.065] [DEBUG] cheese - admin
[2022-05-13T10:07:27.069] [DEBUG] cheese - null
[2022-05-13T10:07:27.069] [DEBUG] cheese - null
[2022-05-13T16:21:27.508] [DEBUG] cheese - null
[2022-05-13T16:21:33.288] [DEBUG] cheese - null
[2022-05-13T16:21:35.197] [DEBUG] cheese - null
[2022-05-14T09:45:05.513] [DEBUG] cheese - login => username:admin,password:123456
[2022-05-14T09:45:05.515] [DEBUG] cheese - admin
[2022-05-14T09:45:05.531] [DEBUG] cheese - null
[2022-05-14T09:45:05.531] [DEBUG] cheese - null
[2022-05-14T09:45:12.404] [DEBUG] cheese - login => username:admin,password:123456
[2022-05-14T09:45:12.404] [DEBUG] cheese - admin
[2022-05-14T09:45:12.407] [DEBUG] cheese - null
[2022-05-14T09:45:12.407] [DEBUG] cheese - null
[2022-05-14T10:18:24.928] [DEBUG] cheese - login => username:admin,password:123456
[2022-05-14T10:18:24.930] [DEBUG] cheese - admin
[2022-05-14T10:18:24.936] [DEBUG] cheese - null
[2022-05-14T10:18:24.937] [DEBUG] cheese - null
[2022-05-15T13:57:23.281] [DEBUG] cheese - login => username:admin,password:123456
[2022-05-15T13:57:23.283] [DEBUG] cheese - admin
[2022-05-15T13:57:23.298] [DEBUG] cheese - null
[2022-05-15T13:57:23.299] [DEBUG] cheese - null
[2022-05-15T13:57:36.093] [DEBUG] cheese - null
[2022-05-15T13:57:38.323] [DEBUG] cheese - null
[2022-05-15T13:57:41.204] [DEBUG] cheese - null
[2022-05-16T10:52:06.497] [DEBUG] cheese - login => username:admin,password:123456
[2022-05-16T10:52:06.498] [DEBUG] cheese - admin
[2022-05-16T10:52:06.514] [DEBUG] cheese - null
[2022-05-16T10:52:06.514] [DEBUG] cheese - null
[2022-05-16T16:50:37.185] [DEBUG] cheese - login => username:admin,password:123456
[2022-05-16T16:50:37.187] [DEBUG] cheese - admin
[2022-05-16T16:50:37.191] [DEBUG] cheese - null
[2022-05-16T16:50:37.191] [DEBUG] cheese - null
[2022-05-17T08:39:59.137] [DEBUG] cheese - login => username:admin,password:123456
[2022-05-17T08:39:59.139] [DEBUG] cheese - admin
[2022-05-17T08:39:59.144] [DEBUG] cheese - null
[2022-05-17T08:39:59.144] [DEBUG] cheese - null
[2022-05-17T10:57:49.789] [DEBUG] cheese - null
[2022-05-17T11:07:32.992] [DEBUG] cheese - login => username:admin,password:123456
[2022-05-17T11:07:32.994] [DEBUG] cheese - admin
[2022-05-17T11:07:32.999] [DEBUG] cheese - null
[2022-05-17T11:07:33.000] [DEBUG] cheese - null
[2022-05-17T18:27:12.021] [DEBUG] cheese - login => username:admin,password:123456
[2022-05-17T18:27:12.023] [DEBUG] cheese - admin
[2022-05-17T18:27:12.056] [DEBUG] cheese - null
[2022-05-17T18:27:12.056] [DEBUG] cheese - null
[2022-05-17T20:11:51.317] [DEBUG] cheese - login => username:admin,password:123456
[2022-05-17T20:11:51.320] [DEBUG] cheese - admin
[2022-05-17T20:11:51.345] [DEBUG] cheese - null
[2022-05-17T20:11:51.347] [DEBUG] cheese - null
[2022-05-17T20:12:41.890] [DEBUG] cheese - login => username:admin,password:123456
[2022-05-17T20:12:41.891] [DEBUG] cheese - admin
[2022-05-17T20:12:41.907] [DEBUG] cheese - null
[2022-05-17T20:12:41.908] [DEBUG] cheese - null
[2022-05-17T20:32:45.148] [DEBUG] cheese - login => username:admin,password:123456
[2022-05-17T20:32:45.150] [DEBUG] cheese - admin
[2022-05-17T20:32:45.156] [DEBUG] cheese - null
[2022-05-17T20:32:45.158] [DEBUG] cheese - null
[2022-05-18T09:36:01.402] [DEBUG] cheese - login => username:admin,password:123456
[2022-05-18T09:36:01.407] [DEBUG] cheese - admin
[2022-05-18T09:36:01.415] [DEBUG] cheese - null
[2022-05-18T09:36:01.415] [DEBUG] cheese - null
[2022-05-18T09:54:38.199] [DEBUG] cheese - login => username:admin,password:123456
[2022-05-18T09:54:38.200] [DEBUG] cheese - admin
[2022-05-18T09:54:38.206] [DEBUG] cheese - null
[2022-05-18T09:54:38.207] [DEBUG] cheese - null
[2022-05-18T10:20:45.239] [DEBUG] cheese - login => username:admin,password:123456
[2022-05-18T10:20:45.241] [DEBUG] cheese - admin
[2022-05-18T10:20:45.255] [DEBUG] cheese - null
[2022-05-18T10:20:45.256] [DEBUG] cheese - null
[2022-05-18T16:50:30.348] [DEBUG] cheese - login => username:admin,password:123456
[2022-05-18T16:50:30.353] [DEBUG] cheese - admin
[2022-05-18T16:50:30.363] [DEBUG] cheese - null
[2022-05-18T16:50:30.363] [DEBUG] cheese - null
[2022-05-18T17:06:06.108] [DEBUG] cheese - login => username:admin,password:123456
[2022-05-18T17:06:06.109] [DEBUG] cheese - admin
[2022-05-18T17:06:06.110] [DEBUG] cheese - null
[2022-05-18T17:06:06.110] [DEBUG] cheese - null
[2022-05-18T18:18:51.188] [DEBUG] cheese - login => username:admin,password:123456
[2022-05-18T18:18:51.190] [DEBUG] cheese - admin
[2022-05-18T18:18:51.211] [DEBUG] cheese - null
[2022-05-18T18:18:51.212] [DEBUG] cheese - null
[2022-05-18T18:19:27.873] [DEBUG] cheese - login => username:admin,password:123456
[2022-05-18T18:19:27.876] [DEBUG] cheese - admin
[2022-05-18T18:19:27.882] [DEBUG] cheese - null
[2022-05-18T18:19:27.883] [DEBUG] cheese - null
[2022-05-18T18:27:42.307] [DEBUG] cheese - login => username:admin,password:123456
[2022-05-18T18:27:42.308] [DEBUG] cheese - admin
[2022-05-18T18:27:42.310] [DEBUG] cheese - null
[2022-05-18T18:27:42.311] [DEBUG] cheese - null
[2022-05-18T18:29:06.714] [DEBUG] cheese - login => username:admin,password:123456
[2022-05-18T18:29:06.714] [DEBUG] cheese - admin
[2022-05-18T18:29:06.717] [DEBUG] cheese - null
[2022-05-18T18:29:06.717] [DEBUG] cheese - null
[2022-05-18T18:55:08.602] [DEBUG] cheese - login => username:admin,password:123456
[2022-05-18T18:55:08.604] [DEBUG] cheese - admin
[2022-05-18T18:55:08.616] [DEBUG] cheese - null
[2022-05-18T18:55:08.617] [DEBUG] cheese - null
[2022-05-18T18:55:15.431] [DEBUG] cheese - login => username:admin,password:123456
[2022-05-18T18:55:15.431] [DEBUG] cheese - admin
[2022-05-18T18:55:15.434] [DEBUG] cheese - null
[2022-05-18T18:55:15.435] [DEBUG] cheese - null
[2022-05-18T18:55:21.521] [DEBUG] cheese - login => username:admin,password:123456
[2022-05-18T18:55:21.522] [DEBUG] cheese - admin
[2022-05-18T18:55:21.525] [DEBUG] cheese - null
[2022-05-18T18:55:21.525] [DEBUG] cheese - null
